<?xml version="1.0" encoding="UTF-8"?>
<testng-results skipped="0" failed="0" ignored="0" total="1" passed="1">
  <reporter-output>
  </reporter-output>
  <suite name="Sudip Test Suite" duration-ms="30104" started-at="2021-03-11T17:34:21 IST" finished-at="2021-03-11T17:34:51 IST">
    <groups>
    </groups>
    <test name="Test" duration-ms="30104" started-at="2021-03-11T17:34:21 IST" finished-at="2021-03-11T17:34:51 IST">
      <class name="com.sudip.com.sudip.selenim.TestNGSudip">
        <test-method status="PASS" signature="startTest()[pri:0, instance:com.sudip.com.sudip.selenim.TestNGSudip@610694f1]" name="startTest" is-config="true" duration-ms="548" started-at="2021-03-11T17:34:21 IST" finished-at="2021-03-11T17:34:22 IST">
          <reporter-output>
          </reporter-output>
        </test-method> <!-- startTest -->
        <test-method status="PASS" signature="beforeMethod()[pri:0, instance:com.sudip.com.sudip.selenim.TestNGSudip@610694f1]" name="beforeMethod" is-config="true" duration-ms="16869" started-at="2021-03-11T17:34:22 IST" finished-at="2021-03-11T17:34:39 IST">
          <reporter-output>
          </reporter-output>
        </test-method> <!-- beforeMethod -->
        <test-method status="PASS" signature="Login()[pri:0, instance:com.sudip.com.sudip.selenim.TestNGSudip@610694f1]" name="Login" duration-ms="10984" started-at="2021-03-11T17:34:39 IST" finished-at="2021-03-11T17:34:50 IST">
          <reporter-output>
          </reporter-output>
        </test-method> <!-- Login -->
        <test-method status="PASS" signature="afterMethod()[pri:0, instance:com.sudip.com.sudip.selenim.TestNGSudip@610694f1]" name="afterMethod" is-config="true" duration-ms="429" started-at="2021-03-11T17:34:50 IST" finished-at="2021-03-11T17:34:50 IST">
          <reporter-output>
          </reporter-output>
        </test-method> <!-- afterMethod -->
        <test-method status="PASS" signature="endTest()[pri:0, instance:com.sudip.com.sudip.selenim.TestNGSudip@610694f1]" name="endTest" is-config="true" duration-ms="1166" started-at="2021-03-11T17:34:50 IST" finished-at="2021-03-11T17:34:51 IST">
          <reporter-output>
          </reporter-output>
        </test-method> <!-- endTest -->
      </class> <!-- com.sudip.com.sudip.selenim.TestNGSudip -->
    </test> <!-- Test -->
  </suite> <!-- Sudip Test Suite -->
</testng-results>
